1750031442285:testing
1750031456182:hello
1750031902524:d
1750031905589:chat
1750031920575:chat how are you?
1750031949614:help
1750031959774:quit
1750032894671:chat how are you?
1750032964601:chat who are you?
1750033022514:chat my nickname is egon89
1750033049874:what is my nickname?
1750033065586:chat what is my nickname?
1750034133546:chat my nickname is egon89
1750034156321:chat what is my nickname?
1750034181706:chat my name is Everton
1750034191954:chat what is my name?
1750034248034:chat my nickname is egon89
1750034264014:chat what is my nickname?
1750034290109:chat my name is everton
1750034300858:chat what is my name?
1750034392704:chat my name is everton
1750034404733:chat what is my name?
1750034418778:chat my nickname is egon89
1750034436910:chat what is my nickname and name?
1750034449987:chat great?
1750034488143:chat do you know anything about the tibia game?
1750034554411:chat how many classes does it have?
1750034595066:chat what is the first world?
1750034636301:chat how about rookguard?
1750035162604:quit
1750035669239:chat my name is everton
1750035685355:chat What is my name?
1750035698124:quit
